C51 COMPILER V9.60.0.0   MAIN                                                              01/18/2022 16:28:19 PAGE 1   


C51 COMPILER V9.60.0.0, COMPILATION OF MODULE MAIN
OBJECT MODULE PLACED IN .\build\Debug\src\main.o
COMPILER INVOKED BY: D:\software\Program\Keil5\C51\BIN\C51.exe .\SRC\MAIN.C PRINT(.\build\Debug\src\main.lst) OMF2 TABS(
                    -4) CODE NOCOND SYMBOLS OPTIMIZE(8,SPEED) SMALL ROM(LARGE) INCDIR(D:\software\Program\Keil5\C51\INC;.\src) DEFINE(__UVISI
                    -ON_VERSION=526) OBJECT(.\build\Debug\src\main.o)

line level    source

   1          #include <reg52.h>
   2          #include "LCD1602.h"
   3          #include "stdio.h"
   4          
   5          uint Disp[2][16]={0};
   6          
   7          int main()
   8          {
   9   1          LcdInit();
  10   1          while (1)
  11   1          {
  12   2              sprintf((char*)Disp[0],"first display   ");
  13   2              LcdShowStr(0,0,Disp[0]);
*** WARNING C182 IN LINE 13 OF .\SRC\MAIN.C: pointer to different objects
  14   2              sprintf((char*)Disp[1],"distance:%2d     ",(uint)12);
  15   2              LcdShowStr(0,1,Disp[1]);
*** WARNING C182 IN LINE 15 OF .\SRC\MAIN.C: pointer to different objects
  16   2          }  
  17   1      }
  18          
C51 COMPILER V9.60.0.0   MAIN                                                              01/18/2022 16:28:19 PAGE 2   

ASSEMBLY LISTING OF GENERATED OBJECT CODE


             ; FUNCTION main (BEGIN)
                                           ; SOURCE LINE # 7
                                           ; SOURCE LINE # 8
                                           ; SOURCE LINE # 9
0000 120000      E     LCALL   LcdInit
0003         ?C0001:
                                           ; SOURCE LINE # 10
                                           ; SOURCE LINE # 11
                                           ; SOURCE LINE # 12
0003 7500FF      E     MOV     ?_sprintf?BYTE+03H,#0FFH
0006 750000      R     MOV     ?_sprintf?BYTE+04H,#HIGH ?SC_0
0009 750000      R     MOV     ?_sprintf?BYTE+05H,#LOW ?SC_0
000C 7B00              MOV     R3,#00H
000E 7A00        R     MOV     R2,#HIGH Disp
0010 7900        R     MOV     R1,#LOW Disp
0012 120000      E     LCALL   _sprintf
                                           ; SOURCE LINE # 13
0015 7B00              MOV     R3,#00H
0017 7A00        R     MOV     R2,#HIGH Disp
0019 7900        R     MOV     R1,#LOW Disp
001B E4                CLR     A
001C FD                MOV     R5,A
001D FF                MOV     R7,A
001E 120000      E     LCALL   _LcdShowStr
                                           ; SOURCE LINE # 14
0021 7500FF      E     MOV     ?_sprintf?BYTE+03H,#0FFH
0024 750000      R     MOV     ?_sprintf?BYTE+04H,#HIGH ?SC_17
0027 750000      R     MOV     ?_sprintf?BYTE+05H,#LOW ?SC_17
002A 750000      E     MOV     ?_sprintf?BYTE+06H,#00H
002D 75000C      E     MOV     ?_sprintf?BYTE+07H,#0CH
0030 7B00              MOV     R3,#00H
0032 7A00        R     MOV     R2,#HIGH Disp+020H
0034 7900        R     MOV     R1,#LOW Disp+020H
0036 120000      E     LCALL   _sprintf
                                           ; SOURCE LINE # 15
0039 7B00              MOV     R3,#00H
003B 7A00        R     MOV     R2,#HIGH Disp+020H
003D 7900        R     MOV     R1,#LOW Disp+020H
003F 7D01              MOV     R5,#01H
0041 E4                CLR     A
0042 FF                MOV     R7,A
0043 120000      E     LCALL   _LcdShowStr
                                           ; SOURCE LINE # 16
0046 80BB              SJMP    ?C0001
             ; FUNCTION main (END)

C51 COMPILER V9.60.0.0   MAIN                                                              01/18/2022 16:28:19 PAGE 3   

NAME                                    CLASS   MSPACE  TYPE    OFFSET  SIZE
====                                    =====   ======  ====    ======  ====


P0 . . . . . . . . . . . . . . . . . .  SFR      DATA   U_CHAR   0080H  1
P1 . . . . . . . . . . . . . . . . . .  SFR      DATA   U_CHAR   0090H  1
P2 . . . . . . . . . . . . . . . . . .  SFR      DATA   U_CHAR   00A0H  1
P3 . . . . . . . . . . . . . . . . . .  SFR      DATA   U_CHAR   00B0H  1
T0 . . . . . . . . . . . . . . . . . .  ABSBIT   -----  BIT      00B4H  1
AC . . . . . . . . . . . . . . . . . .  ABSBIT   -----  BIT      00D6H  1
T1 . . . . . . . . . . . . . . . . . .  ABSBIT   -----  BIT      00B5H  1
T2 . . . . . . . . . . . . . . . . . .  ABSBIT   -----  BIT      0090H  1
EA . . . . . . . . . . . . . . . . . .  ABSBIT   -----  BIT      00AFH  1
_sprintf . . . . . . . . . . . . . . .  EXTERN   CODE   PROC     -----  -----
IE . . . . . . . . . . . . . . . . . .  SFR      DATA   U_CHAR   00A8H  1
Disp . . . . . . . . . . . . . . . . .  PUBLIC   DATA   ARRAY    0000H  64
size_t . . . . . . . . . . . . . . . .  TYPEDEF  -----  U_INT    -----  2
EXF2 . . . . . . . . . . . . . . . . .  ABSBIT   -----  BIT      00CEH  1
RD . . . . . . . . . . . . . . . . . .  ABSBIT   -----  BIT      00B7H  1
ES . . . . . . . . . . . . . . . . . .  ABSBIT   -----  BIT      00ACH  1
IP . . . . . . . . . . . . . . . . . .  SFR      DATA   U_CHAR   00B8H  1
RI . . . . . . . . . . . . . . . . . .  ABSBIT   -----  BIT      0098H  1
INT0 . . . . . . . . . . . . . . . . .  ABSBIT   -----  BIT      00B2H  1
CY . . . . . . . . . . . . . . . . . .  ABSBIT   -----  BIT      00D7H  1
TI . . . . . . . . . . . . . . . . . .  ABSBIT   -----  BIT      0099H  1
INT1 . . . . . . . . . . . . . . . . .  ABSBIT   -----  BIT      00B3H  1
RCAP2H . . . . . . . . . . . . . . . .  SFR      DATA   U_CHAR   00CBH  1
PS . . . . . . . . . . . . . . . . . .  ABSBIT   -----  BIT      00BCH  1
SP . . . . . . . . . . . . . . . . . .  SFR      DATA   U_CHAR   0081H  1
LCD1602_RS . . . . . . . . . . . . . .  ABSBIT   -----  BIT      00A0H  1
T2EX . . . . . . . . . . . . . . . . .  ABSBIT   -----  BIT      0091H  1
OV . . . . . . . . . . . . . . . . . .  ABSBIT   -----  BIT      00D2H  1
RCAP2L . . . . . . . . . . . . . . . .  SFR      DATA   U_CHAR   00CAH  1
main . . . . . . . . . . . . . . . . .  PUBLIC   CODE   PROC     0000H  -----
LCD1602_RW . . . . . . . . . . . . . .  ABSBIT   -----  BIT      00A1H  1
C_T2 . . . . . . . . . . . . . . . . .  ABSBIT   -----  BIT      00C9H  1
WR . . . . . . . . . . . . . . . . . .  ABSBIT   -----  BIT      00B6H  1
LcdInit. . . . . . . . . . . . . . . .  EXTERN   CODE   PROC     -----  -----
RCLK . . . . . . . . . . . . . . . . .  ABSBIT   -----  BIT      00CDH  1
TCLK . . . . . . . . . . . . . . . . .  ABSBIT   -----  BIT      00CCH  1
SBUF . . . . . . . . . . . . . . . . .  SFR      DATA   U_CHAR   0099H  1
PCON . . . . . . . . . . . . . . . . .  SFR      DATA   U_CHAR   0087H  1
SCON . . . . . . . . . . . . . . . . .  SFR      DATA   U_CHAR   0098H  1
TMOD . . . . . . . . . . . . . . . . .  SFR      DATA   U_CHAR   0089H  1
TCON . . . . . . . . . . . . . . . . .  SFR      DATA   U_CHAR   0088H  1
IE0. . . . . . . . . . . . . . . . . .  ABSBIT   -----  BIT      0089H  1
IE1. . . . . . . . . . . . . . . . . .  ABSBIT   -----  BIT      008BH  1
B. . . . . . . . . . . . . . . . . . .  SFR      DATA   U_CHAR   00F0H  1
LCD1602_E. . . . . . . . . . . . . . .  ABSBIT   -----  BIT      00A2H  1
CP_RL2 . . . . . . . . . . . . . . . .  ABSBIT   -----  BIT      00C8H  1
ACC. . . . . . . . . . . . . . . . . .  SFR      DATA   U_CHAR   00E0H  1
ET0. . . . . . . . . . . . . . . . . .  ABSBIT   -----  BIT      00A9H  1
ET1. . . . . . . . . . . . . . . . . .  ABSBIT   -----  BIT      00ABH  1
TF0. . . . . . . . . . . . . . . . . .  ABSBIT   -----  BIT      008DH  1
ET2. . . . . . . . . . . . . . . . . .  ABSBIT   -----  BIT      00ADH  1
TF1. . . . . . . . . . . . . . . . . .  ABSBIT   -----  BIT      008FH  1
TF2. . . . . . . . . . . . . . . . . .  ABSBIT   -----  BIT      00CFH  1
RB8. . . . . . . . . . . . . . . . . .  ABSBIT   -----  BIT      009AH  1
TH0. . . . . . . . . . . . . . . . . .  SFR      DATA   U_CHAR   008CH  1
EX0. . . . . . . . . . . . . . . . . .  ABSBIT   -----  BIT      00A8H  1
IT0. . . . . . . . . . . . . . . . . .  ABSBIT   -----  BIT      0088H  1
C51 COMPILER V9.60.0.0   MAIN                                                              01/18/2022 16:28:19 PAGE 4   

NAME                                    CLASS   MSPACE  TYPE    OFFSET  SIZE
====                                    =====   ======  ====    ======  ====


TH1. . . . . . . . . . . . . . . . . .  SFR      DATA   U_CHAR   008DH  1
TB8. . . . . . . . . . . . . . . . . .  ABSBIT   -----  BIT      009BH  1
EX1. . . . . . . . . . . . . . . . . .  ABSBIT   -----  BIT      00AAH  1
IT1. . . . . . . . . . . . . . . . . .  ABSBIT   -----  BIT      008AH  1
TH2. . . . . . . . . . . . . . . . . .  SFR      DATA   U_CHAR   00CDH  1
P. . . . . . . . . . . . . . . . . . .  ABSBIT   -----  BIT      00D0H  1
SM0. . . . . . . . . . . . . . . . . .  ABSBIT   -----  BIT      009FH  1
TL0. . . . . . . . . . . . . . . . . .  SFR      DATA   U_CHAR   008AH  1
SM1. . . . . . . . . . . . . . . . . .  ABSBIT   -----  BIT      009EH  1
TL1. . . . . . . . . . . . . . . . . .  SFR      DATA   U_CHAR   008BH  1
SM2. . . . . . . . . . . . . . . . . .  ABSBIT   -----  BIT      009DH  1
TL2. . . . . . . . . . . . . . . . . .  SFR      DATA   U_CHAR   00CCH  1
PT0. . . . . . . . . . . . . . . . . .  ABSBIT   -----  BIT      00B9H  1
PT1. . . . . . . . . . . . . . . . . .  ABSBIT   -----  BIT      00BBH  1
RS0. . . . . . . . . . . . . . . . . .  ABSBIT   -----  BIT      00D3H  1
PT2. . . . . . . . . . . . . . . . . .  ABSBIT   -----  BIT      00BDH  1
TR0. . . . . . . . . . . . . . . . . .  ABSBIT   -----  BIT      008CH  1
RS1. . . . . . . . . . . . . . . . . .  ABSBIT   -----  BIT      00D4H  1
TR1. . . . . . . . . . . . . . . . . .  ABSBIT   -----  BIT      008EH  1
TR2. . . . . . . . . . . . . . . . . .  ABSBIT   -----  BIT      00CAH  1
PX0. . . . . . . . . . . . . . . . . .  ABSBIT   -----  BIT      00B8H  1
PX1. . . . . . . . . . . . . . . . . .  ABSBIT   -----  BIT      00BAH  1
DPH. . . . . . . . . . . . . . . . . .  SFR      DATA   U_CHAR   0083H  1
DPL. . . . . . . . . . . . . . . . . .  SFR      DATA   U_CHAR   0082H  1
EXEN2. . . . . . . . . . . . . . . . .  ABSBIT   -----  BIT      00CBH  1
REN. . . . . . . . . . . . . . . . . .  ABSBIT   -----  BIT      009CH  1
T2CON. . . . . . . . . . . . . . . . .  SFR      DATA   U_CHAR   00C8H  1
RXD. . . . . . . . . . . . . . . . . .  ABSBIT   -----  BIT      00B0H  1
TXD. . . . . . . . . . . . . . . . . .  ABSBIT   -----  BIT      00B1H  1
_LcdShowStr. . . . . . . . . . . . . .  EXTERN   CODE   PROC     -----  -----
F0 . . . . . . . . . . . . . . . . . .  ABSBIT   -----  BIT      00D5H  1
PSW. . . . . . . . . . . . . . . . . .  SFR      DATA   U_CHAR   00D0H  1


MODULE INFORMATION:   STATIC OVERLAYABLE
   CODE SIZE        =     72    ----
   CONSTANT SIZE    =     35    ----
   XDATA SIZE       =   ----    ----
   PDATA SIZE       =   ----    ----
   DATA SIZE        =     64    ----
   IDATA SIZE       =   ----    ----
   BIT SIZE         =   ----    ----
   EDATA SIZE       =   ----    ----
   HDATA SIZE       =   ----    ----
   XDATA CONST SIZE =   ----    ----
   FAR CONST SIZE   =   ----    ----
END OF MODULE INFORMATION.


C51 COMPILATION COMPLETE.  2 WARNING(S),  0 ERROR(S)
